C51 COMPILER V9.56.0.0   DELAY                                                             09/23/2019 22:56:36 PAGE 1   


C51 COMPILER V9.56.0.0, COMPILATION OF MODULE DELAY
OBJECT MODULE PLACED IN .\Objects\delay.obj
COMPILER INVOKED BY: C:\Keil_v5\C51\BIN\C51.EXE delay.c OPTIMIZE(8,SPEED) BROWSE DEBUG OBJECTEXTEND PRINT(.\Listings\del
                    -ay.lst) TABS(2) OBJECT(.\Objects\delay.obj)

line level    source

   1          #include "delay.h"
   2          
   3          
   4          void Delay(unsigned int j)
   5          {      
   6   1        U8 i;
   7   1        for(;j>0;j--)
   8   1        {   
   9   2          for(i=0;i<27;i++);
  10   2        }
  11   1      }
  12          void  Delay_10us(void)
  13          {
  14   1        U8 i;
  15   1        i--;
  16   1        i--;
  17   1        i--;
  18   1        i--;
  19   1        i--;
  20   1        i--;
  21   1      }
  22          
  23          


MODULE INFORMATION:   STATIC OVERLAYABLE
   CODE SIZE        =     36    ----
   CONSTANT SIZE    =   ----    ----
   XDATA SIZE       =   ----    ----
   PDATA SIZE       =   ----    ----
   DATA SIZE        =   ----       1
   IDATA SIZE       =   ----    ----
   BIT SIZE         =   ----    ----
END OF MODULE INFORMATION.


C51 COMPILATION COMPLETE.  0 WARNING(S),  0 ERROR(S)
